android/build/outputs/logs/manifest-merger-release-report.txt
-- Merging decision tree log ---
manifest
ADDED from src/main/AndroidManifest.xml:2:1-95:12
INJECTED from src/main/AndroidManifest.xml:2:1-95:12
INJECTED from src/main/AndroidManifest.xml:2:1-95:12
INJECTED from src/main/AndroidManifest.xml:2:1-95:12
MERGED from [:liveEnsureLibrary] AndroidManifest.xml:2:1-113:12
MERGED from [com.google.android.gms:play-services:3.2.65] AndroidManifest.xml:2:1-9:12
MERGED from [:peBBLE_KIT_module] AndroidManifest.xml:2:1-18:12
MERGED from [com.android.support:appcompat-v7:26.1.0] AndroidManifest.xml:17:1-31:12
MERGED from [com.android.volley:volley:1.1.1] AndroidManifest.xml:2:1-11:12
MERGED from [com.android.support:support-v4:26.1.0] AndroidManifest.xml:17:1-31:12
MERGED from [com.android.support:animated-vector-drawable:26.1.0] AndroidManifest.xml:17:1-28:12
MERGED from [com.android.support:support-vector-drawable:26.1.0] AndroidManifest.xml:17:1-28:12
MERGED from [com.android.support:support-fragment:26.1.0] AndroidManifest.xml:17:1-31:12
MERGED from [com.android.support:support-core-ui:26.1.0] AndroidManifest.xml:17:1-31:12
MERGED from [com.android.support:support-media-compat:26.1.0] AndroidManifest.xml:17:1-31:12
MERGED from [com.android.support:support-core-utils:26.1.0] AndroidManifest.xml:17:1-31:12
MERGED from [com.android.support:support-compat:26.1.0] AndroidManifest.xml:17:1-31:12
MERGED from [android.arch.lifecycle:runtime:1.0.0] AndroidManifest.xml:17:1-30:12
INJECTED from src/main/AndroidManifest.xml:2:1-95:12
INJECTED from src/main/AndroidManifest.xml:2:1-95:12
INJECTED from src/main/AndroidManifest.xml:2:1-95:12
	package
		ADDED from src/main/AndroidManifest.xml:4:5-28
		INJECTED from src/main/AndroidManifest.xml
		INJECTED from src/main/AndroidManifest.xml
	android:versionName
		ADDED from src/main/AndroidManifest.xml:6:5-32
		INJECTED from src/main/AndroidManifest.xml
		INJECTED from src/main/AndroidManifest.xml
	xmlns:tools
		ADDED from src/main/AndroidManifest.xml:3:5-51
	xmlns:android
		ADDED from src/main/AndroidManifest.xml:2:11-69
	android:versionCode
		ADDED from src/main/AndroidManifest.xml:5:5-29
		INJECTED from src/main/AndroidManifest.xml
		INJECTED from src/main/AndroidManifest.xml
uses-sdk
ADDED from src/main/AndroidManifest.xml:8:5-10:41
INJECTED from src/main/AndroidManifest.xml:8:5-10:41
INJECTED from src/main/AndroidManifest.xml:8:5-10:41
MERGED from [:liveEnsureLibrary] AndroidManifest.xml:7:5-9:41
MERGED from [:liveEnsureLibrary] AndroidManifest.xml:7:5-9:41
MERGED from [com.google.android.gms:play-services:3.2.65] AndroidManifest.xml:7:5-42
MERGED from [com.google.android.gms:play-services:3.2.65] AndroidManifest.xml:7:5-42
MERGED from [com.android.support:appcompat-v7:26.1.0] AndroidManifest.xml:21:5-23:78
MERGED from [com.android.support:appcompat-v7:26.1.0] AndroidManifest.xml:21:5-23:78
MERGED from [com.android.volley:volley:1.1.1] AndroidManifest.xml:7:5-43
MERGED from [com.android.volley:volley:1.1.1] AndroidManifest.xml:7:5-43
MERGED from [com.android.support:support-v4:26.1.0] AndroidManifest.xml:21:5-23:54
MERGED from [com.android.support:support-v4:26.1.0] AndroidManifest.xml:21:5-23:54
MERGED from [com.android.support:animated-vector-drawable:26.1.0] AndroidManifest.xml:20:5-44
MERGED from [com.android.support:animated-vector-drawable:26.1.0] AndroidManifest.xml:20:5-44
MERGED from [com.android.support:support-vector-drawable:26.1.0] AndroidManifest.xml:20:5-44
MERGED from [com.android.support:support-vector-drawable:26.1.0] AndroidManifest.xml:20:5-44
MERGED from [com.android.support:support-fragment:26.1.0] AndroidManifest.xml:21:5-23:60
MERGED from [com.android.support:support-fragment:26.1.0] AndroidManifest.xml:21:5-23:60
MERGED from [com.android.support:support-core-ui:26.1.0] AndroidManifest.xml:21:5-23:58
MERGED from [com.android.support:support-core-ui:26.1.0] AndroidManifest.xml:21:5-23:58
MERGED from [com.android.support:support-media-compat:26.1.0] AndroidManifest.xml:21:5-23:63
MERGED from [com.android.support:support-media-compat:26.1.0] AndroidManifest.xml:21:5-23:63
MERGED from [com.android.support:support-core-utils:26.1.0] AndroidManifest.xml:21:5-23:61
MERGED from [com.android.support:support-core-utils:26.1.0] AndroidManifest.xml:21:5-23:61
MERGED from [com.android.support:support-compat:26.1.0] AndroidManifest.xml:21:5-23:58
MERGED from [com.android.support:support-compat:26.1.0] AndroidManifest.xml:21:5-23:58
MERGED from [android.arch.lifecycle:runtime:1.0.0] AndroidManifest.xml:20:5-22:41
MERGED from [android.arch.lifecycle:runtime:1.0.0] AndroidManifest.xml:20:5-22:41
INJECTED from src/main/AndroidManifest.xml:8:5-10:41
INJECTED from src/main/AndroidManifest.xml:8:5-10:41
	tools:overrideLibrary
		ADDED from [com.android.support:appcompat-v7:26.1.0] AndroidManifest.xml:23:9-75
	android:targetSdkVersion
		ADDED from src/main/AndroidManifest.xml:10:9-38
		INJECTED from src/main/AndroidManifest.xml
		INJECTED from src/main/AndroidManifest.xml
	android:minSdkVersion
		ADDED from src/main/AndroidManifest.xml:9:9-35
		INJECTED from src/main/AndroidManifest.xml
		INJECTED from src/main/AndroidManifest.xml
uses-permission#android.permission.INTERNET
ADDED from src/main/AndroidManifest.xml:12:5-67
MERGED from [:liveEnsureLibrary] AndroidManifest.xml:13:5-67
MERGED from [:liveEnsureLibrary] AndroidManifest.xml:13:5-67
	android:name
		ADDED from src/main/AndroidManifest.xml:12:22-64
uses-permission#android.permission.WAKE_LOCK
ADDED from src/main/AndroidManifest.xml:13:5-68
	android:name
		ADDED from src/main/AndroidManifest.xml:13:22-65
uses-permission#android.permission.ACCESS_NETWORK_STATE
ADDED from src/main/AndroidManifest.xml:14:5-79
MERGED from [:liveEnsureLibrary] AndroidManifest.xml:21:5-79
MERGED from [:liveEnsureLibrary] AndroidManifest.xml:21:5-79
	android:name
		ADDED from src/main/AndroidManifest.xml:14:22-76
uses-permission#android.permission.ACCESS_COARSE_LOCATION
ADDED from src/main/AndroidManifest.xml:15:5-81
MERGED from [:liveEnsureLibrary] AndroidManifest.xml:23:5-81
MERGED from [:liveEnsureLibrary] AndroidManifest.xml:23:5-81
	android:name
		ADDED from src/main/AndroidManifest.xml:15:22-78
uses-permission#android.permission.ACCESS_FINE_LOCATION
ADDED from src/main/AndroidManifest.xml:16:5-79
MERGED from [:liveEnsureLibrary] AndroidManifest.xml:24:5-79
MERGED from [:liveEnsureLibrary] AndroidManifest.xml:24:5-79
	android:name
		ADDED from src/main/AndroidManifest.xml:16:22-76
uses-permission#android.permission.BLUETOOTH
ADDED from src/main/AndroidManifest.xml:17:5-68
MERGED from [:liveEnsureLibrary] AndroidManifest.xml:16:5-68
MERGED from [:liveEnsureLibrary] AndroidManifest.xml:16:5-68
	android:name
		ADDED from src/main/AndroidManifest.xml:17:22-65
application
ADDED from src/main/AndroidManifest.xml:19:5-93:19
MERGED from [:liveEnsureLibrary] AndroidManifest.xml:35:5-111:19
MERGED from [:liveEnsureLibrary] AndroidManifest.xml:35:5-111:19
MERGED from [:peBBLE_KIT_module] AndroidManifest.xml:7:5-16:19
MERGED from [:peBBLE_KIT_module] AndroidManifest.xml:7:5-16:19
MERGED from [com.android.support:appcompat-v7:26.1.0] AndroidManifest.xml:25:5-29:19
MERGED from [com.android.support:appcompat-v7:26.1.0] AndroidManifest.xml:25:5-29:19
MERGED from [com.android.volley:volley:1.1.1] AndroidManifest.xml:9:5-20
MERGED from [com.android.volley:volley:1.1.1] AndroidManifest.xml:9:5-20
MERGED from [com.android.support:support-v4:26.1.0] AndroidManifest.xml:25:5-29:19
MERGED from [com.android.support:support-v4:26.1.0] AndroidManifest.xml:25:5-29:19
MERGED from [com.android.support:animated-vector-drawable:26.1.0] AndroidManifest.xml:22:5-26:19
MERGED from [com.android.support:animated-vector-drawable:26.1.0] AndroidManifest.xml:22:5-26:19
MERGED from [com.android.support:support-vector-drawable:26.1.0] AndroidManifest.xml:22:5-26:19
MERGED from [com.android.support:support-vector-drawable:26.1.0] AndroidManifest.xml:22:5-26:19
MERGED from [com.android.support:support-fragment:26.1.0] AndroidManifest.xml:25:5-29:19
MERGED from [com.android.support:support-fragment:26.1.0] AndroidManifest.xml:25:5-29:19
MERGED from [com.android.support:support-core-ui:26.1.0] AndroidManifest.xml:25:5-29:19
MERGED from [com.android.support:support-core-ui:26.1.0] AndroidManifest.xml:25:5-29:19
MERGED from [com.android.support:support-media-compat:26.1.0] AndroidManifest.xml:25:5-29:19
MERGED from [com.android.support:support-media-compat:26.1.0] AndroidManifest.xml:25:5-29:19
MERGED from [com.android.support:support-core-utils:26.1.0] AndroidManifest.xml:25:5-29:19
MERGED from [com.android.support:support-core-utils:26.1.0] AndroidManifest.xml:25:5-29:19
MERGED from [com.android.support:support-compat:26.1.0] AndroidManifest.xml:25:5-29:19
MERGED from [com.android.support:support-compat:26.1.0] AndroidManifest.xml:25:5-29:19
MERGED from [android.arch.lifecycle:runtime:1.0.0] AndroidManifest.xml:24:5-28:19
MERGED from [android.arch.lifecycle:runtime:1.0.0] AndroidManifest.xml:24:5-28:19
	android:label
		ADDED from src/main/AndroidManifest.xml:23:9-41
	android:largeHeap
		ADDED from src/main/AndroidManifest.xml:24:9-33
	android:icon
		ADDED from src/main/AndroidManifest.xml:22:9-42
		REJECTED from [:liveEnsureLibrary] AndroidManifest.xml:38:9-47
	android:allowBackup
		ADDED from src/main/AndroidManifest.xml:21:9-35
	android:theme
		ADDED from src/main/AndroidManifest.xml:25:9-62
		REJECTED from [:liveEnsureLibrary] AndroidManifest.xml:40:9-56
	tools:replace
		ADDED from src/main/AndroidManifest.xml:26:9-64
	android:name
		ADDED from src/main/AndroidManifest.xml:20:9-44
		REJECTED from [:liveEnsureLibrary] AndroidManifest.xml:36:9-59
activity#com.foursure1.FrontPageActivity
ADDED from src/main/AndroidManifest.xml:27:9-35:20
	android:screenOrientation
		ADDED from src/main/AndroidManifest.xml:30:13-49
	android:label
		ADDED from src/main/AndroidManifest.xml:29:13-45
	android:name
		ADDED from src/main/AndroidManifest.xml:28:13-46
intent-filter#action:name:android.intent.action.MAIN+category:name:android.intent.category.LAUNCHER
ADDED from src/main/AndroidManifest.xml:31:13-34:29
action#android.intent.action.MAIN
ADDED from src/main/AndroidManifest.xml:32:17-69
	android:name
		ADDED from src/main/AndroidManifest.xml:32:25-66
category#android.intent.category.LAUNCHER
ADDED from src/main/AndroidManifest.xml:33:17-77
	android:name
		ADDED from src/main/AndroidManifest.xml:33:27-74
activity#com.foursure1.ReceiveAssetActivity
ADDED from src/main/AndroidManifest.xml:36:9-56:20
	android:screenOrientation
		ADDED from src/main/AndroidManifest.xml:39:13-49
	android:label
		ADDED from src/main/AndroidManifest.xml:38:13-45
	android:name
		ADDED from src/main/AndroidManifest.xml:37:13-49
intent-filter#action:name:android.intent.action.VIEW+category:name:android.intent.category.BROWSABLE+category:name:android.intent.category.DEFAULT+data:host:4shr.co+data:pathPrefix:/+data:scheme:http
ADDED from src/main/AndroidManifest.xml:40:13-49:29
data
ADDED from src/main/AndroidManifest.xml:41:17-44:45
	android:host
		ADDED from src/main/AndroidManifest.xml:42:21-43
	android:scheme
		ADDED from src/main/AndroidManifest.xml:44:21-42
	android:pathPrefix
		ADDED from src/main/AndroidManifest.xml:43:21-43
action#android.intent.action.VIEW
ADDED from src/main/AndroidManifest.xml:46:17-69
	android:name
		ADDED from src/main/AndroidManifest.xml:46:25-66
category#android.intent.category.DEFAULT
ADDED from src/main/AndroidManifest.xml:47:17-76
	android:name
		ADDED from src/main/AndroidManifest.xml:47:27-73
category#android.intent.category.BROWSABLE
ADDED from src/main/AndroidManifest.xml:48:17-78
	android:name
		ADDED from src/main/AndroidManifest.xml:48:27-75
intent-filter#action:name:android.intent.action.VIEW+category:name:android.intent.category.BROWSABLE+category:name:android.intent.category.DEFAULT+data:scheme:4shr
ADDED from src/main/AndroidManifest.xml:50:13-55:29
activity#com.liveensure.a.mini.MiniLiveEnsureActivity
ADDED from src/main/AndroidManifest.xml:57:9-65:20
MERGED from [:liveEnsureLibrary] AndroidManifest.xml:41:9-105:20
MERGED from [:liveEnsureLibrary] AndroidManifest.xml:41:9-105:20
	android:label
		ADDED from src/main/AndroidManifest.xml:60:13-66
	android:excludeFromRecents
		ADDED from [:liveEnsureLibrary] AndroidManifest.xml:43:13-46
	android:launchMode
		ADDED from [:liveEnsureLibrary] AndroidManifest.xml:44:13-48
	android:configChanges
		ADDED from src/main/AndroidManifest.xml:59:13-74
	android:theme
		ADDED from src/main/AndroidManifest.xml:61:13-60
	android:taskAffinity
		ADDED from [:liveEnsureLibrary] AndroidManifest.xml:45:13-36
	android:name
		ADDED from src/main/AndroidManifest.xml:58:13-72
intent-filter#action:name:com.liveensure.mini.LAUNCH_MINI
ADDED from src/main/AndroidManifest.xml:62:13-64:29
action#com.liveensure.mini.LAUNCH_MINI
ADDED from src/main/AndroidManifest.xml:63:17-74
	android:name
		ADDED from src/main/AndroidManifest.xml:63:25-71
activity#com.foursure1.SettingsActivity
ADDED from src/main/AndroidManifest.xml:66:9-69:52
	android:screenOrientation
		ADDED from src/main/AndroidManifest.xml:69:13-49
	android:label
		ADDED from src/main/AndroidManifest.xml:68:13-61
	android:name
		ADDED from src/main/AndroidManifest.xml:67:13-45
activity#com.foursure1.ShareCreateActivity
ADDED from src/main/AndroidManifest.xml:70:9-75:57
	android:screenOrientation
		ADDED from src/main/AndroidManifest.xml:73:13-49
	android:label
		ADDED from src/main/AndroidManifest.xml:72:13-58
	android:windowSoftInputMode
		ADDED from src/main/AndroidManifest.xml:75:13-54
	android:theme
		ADDED from src/main/AndroidManifest.xml:74:13-54
	android:name
		ADDED from src/main/AndroidManifest.xml:71:13-48
activity#com.foursure1.ShareSuccessActivity
ADDED from src/main/AndroidManifest.xml:76:9-79:52
	android:screenOrientation
		ADDED from src/main/AndroidManifest.xml:79:13-49
	android:label
		ADDED from src/main/AndroidManifest.xml:78:13-58
	android:name
		ADDED from src/main/AndroidManifest.xml:77:13-49
activity#com.foursure1.FailureActivity
ADDED from src/main/AndroidManifest.xml:80:9-83:52
	android:screenOrientation
		ADDED from src/main/AndroidManifest.xml:83:13-49
	android:label
		ADDED from src/main/AndroidManifest.xml:82:13-58
	android:name
		ADDED from src/main/AndroidManifest.xml:81:13-44
activity#com.foursure1.DoneActivity
ADDED from src/main/AndroidManifest.xml:84:9-87:52
	android:screenOrientation
		ADDED from src/main/AndroidManifest.xml:87:13-49
	android:label
		ADDED from src/main/AndroidManifest.xml:86:13-55
	android:name
		ADDED from src/main/AndroidManifest.xml:85:13-54
activity#com.foursure1.FileDisplayActivity
ADDED from src/main/AndroidManifest.xml:88:9-92:69
	android:screenOrientation
		ADDED from src/main/AndroidManifest.xml:91:13-49
	android:label
		ADDED from src/main/AndroidManifest.xml:90:13-63
	android:theme
		ADDED from src/main/AndroidManifest.xml:92:13-66
	android:name
		ADDED from src/main/AndroidManifest.xml:89:13-48
uses-permission#android.permission.CAMERA
ADDED from [:liveEnsureLibrary] AndroidManifest.xml:12:5-65
	android:name
		ADDED from [:liveEnsureLibrary] AndroidManifest.xml:12:22-62
uses-permission#android.permission.READ_PHONE_STATE
ADDED from [:liveEnsureLibrary] AndroidManifest.xml:14:5-75
	android:name
		ADDED from [:liveEnsureLibrary] AndroidManifest.xml:14:22-72
uses-permission#android.permission.ACCESS_WIFI_STATE
ADDED from [:liveEnsureLibrary] AndroidManifest.xml:15:5-76
	android:name
		ADDED from [:liveEnsureLibrary] AndroidManifest.xml:15:22-73
uses-permission#android.permission.FLASHLIGHT
ADDED from [:liveEnsureLibrary] AndroidManifest.xml:17:5-69
	android:name
		ADDED from [:liveEnsureLibrary] AndroidManifest.xml:17:22-66
uses-permission#android.permission.WRITE_EXTERNAL_STORAGE
ADDED from [:liveEnsureLibrary] AndroidManifest.xml:18:5-81
	android:name
		ADDED from [:liveEnsureLibrary] AndroidManifest.xml:18:22-78
uses-permission#com.google.android.providers.gsf.permission.READ_GSERVICES
ADDED from [:liveEnsureLibrary] AndroidManifest.xml:22:5-98
	android:name
		ADDED from [:liveEnsureLibrary] AndroidManifest.xml:22:22-95
uses-permission#com.android.vending.BILLING
ADDED from [:liveEnsureLibrary] AndroidManifest.xml:27:5-67
	android:name
		ADDED from [:liveEnsureLibrary] AndroidManifest.xml:27:22-64
uses-feature#0x00020000
ADDED from [:liveEnsureLibrary] AndroidManifest.xml:30:5-32:35
	android:glEsVersion
		ADDED from [:liveEnsureLibrary] AndroidManifest.xml:31:9-41
	android:required
		ADDED from [:liveEnsureLibrary] AndroidManifest.xml:32:9-32
intent-filter#action:name:android.intent.action.MAIN
ADDED from [:liveEnsureLibrary] AndroidManifest.xml:47:13-51:29
intent-filter#action:name:com.liveensure.mini.LAUNCH_MINI+category:name:android.intent.category.DEFAULT
ADDED from [:liveEnsureLibrary] AndroidManifest.xml:53:13-57:29
intent-filter#action:name:android.intent.action.VIEW+category:name:android.intent.category.BROWSABLE+category:name:android.intent.category.DEFAULT+data:host:app.liveensure.com+data:pathPrefix:/mini/+data:scheme:https://
ADDED from [:liveEnsureLibrary] AndroidManifest.xml:61:13-71:29
intent-filter#action:name:android.intent.action.VIEW+category:name:android.intent.category.BROWSABLE+category:name:android.intent.category.DEFAULT+data:host:roll+data:path:/+data:scheme:miniliveensure
ADDED from [:liveEnsureLibrary] AndroidManifest.xml:72:13-82:29
intent-filter#action:name:android.intent.action.VIEW+category:name:android.intent.category.BROWSABLE+category:name:android.intent.category.DEFAULT+data:host:liveensure.com+data:pathPrefix:/roll+data:scheme:http
ADDED from [:liveEnsureLibrary] AndroidManifest.xml:83:13-93:29
intent-filter#action:name:android.intent.action.VIEW+category:name:android.intent.category.BROWSABLE+category:name:android.intent.category.DEFAULT+data:host:liveensure.com+data:pathPrefix:/scan+data:scheme:http
ADDED from [:liveEnsureLibrary] AndroidManifest.xml:94:13-104:29
meta-data#com.google.android.maps.v2.API_KEY
ADDED from [:liveEnsureLibrary] AndroidManifest.xml:108:9-110:71
	android:value
		ADDED from [:liveEnsureLibrary] AndroidManifest.xml:110:13-68
	android:name
		ADDED from [:liveEnsureLibrary] AndroidManifest.xml:109:13-62
activity#com.getpebble.android.kit.PEBBLE_KIT
ADDED from [:peBBLE_KIT_module] AndroidManifest.xml:8:9-15:20
	android:label
		ADDED from [:peBBLE_KIT_module] AndroidManifest.xml:10:13-45
	android:name
		ADDED from [:peBBLE_KIT_module] AndroidManifest.xml:9:13-64
uses-permission#android.permission.READ_EXTERNAL_STORAGE
IMPLIED from src/main/AndroidManifest.xml:2:1-95:12 reason: com.getpebble.android.kit requested WRITE_EXTERNAL_STORAGE
meta-data#android.support.VERSION
ADDED from [com.android.support:appcompat-v7:26.1.0] AndroidManifest.xml:26:9-28:38
MERGED from [com.android.support:support-v4:26.1.0] AndroidManifest.xml:26:9-28:38
MERGED from [com.android.support:support-v4:26.1.0] AndroidManifest.xml:26:9-28:38
MERGED from [com.android.support:animated-vector-drawable:26.1.0] AndroidManifest.xml:23:9-25:38
MERGED from [com.android.support:animated-vector-drawable:26.1.0] AndroidManifest.xml:23:9-25:38
MERGED from [com.android.support:support-vector-drawable:26.1.0] AndroidManifest.xml:23:9-25:38
MERGED from [com.android.support:support-vector-drawable:26.1.0] AndroidManifest.xml:23:9-25:38
MERGED from [com.android.support:support-fragment:26.1.0] AndroidManifest.xml:26:9-28:38
MERGED from [com.android.support:support-fragment:26.1.0] AndroidManifest.xml:26:9-28:38
MERGED from [com.android.support:support-core-ui:26.1.0] AndroidManifest.xml:26:9-28:38
MERGED from [com.android.support:support-core-ui:26.1.0] AndroidManifest.xml:26:9-28:38
MERGED from [com.android.support:support-media-compat:26.1.0] AndroidManifest.xml:26:9-28:38
MERGED from [com.android.support:support-media-compat:26.1.0] AndroidManifest.xml:26:9-28:38
MERGED from [com.android.support:support-core-utils:26.1.0] AndroidManifest.xml:26:9-28:38
MERGED from [com.android.support:support-core-utils:26.1.0] AndroidManifest.xml:26:9-28:38
MERGED from [com.android.support:support-compat:26.1.0] AndroidManifest.xml:26:9-28:38
MERGED from [com.android.support:support-compat:26.1.0] AndroidManifest.xml:26:9-28:38
	android:value
		ADDED from [com.android.support:appcompat-v7:26.1.0] AndroidManifest.xml:28:13-35
	android:name
		ADDED from [com.android.support:appcompat-v7:26.1.0] AndroidManifest.xml:27:13-51
meta-data#android.arch.lifecycle.VERSION
ADDED from [android.arch.lifecycle:runtime:1.0.0] AndroidManifest.xml:25:9-27:47
	android:value
		ADDED from [android.arch.lifecycle:runtime:1.0.0] AndroidManifest.xml:27:13-44
	android:name
		ADDED from [android.arch.lifecycle:runtime:1.0.0] AndroidManifest.xml:26:13-58